app/build/outputs/logs/manifest-merger-debug-report.txt
-- Merging decision tree log ---
manifest
ADDED from src\main\AndroidManifest.xml:2:1-192:12
	package
		ADDED from src\main\AndroidManifest.xml:3:11-44
		INJECTED from src\main\AndroidManifest.xml
		INJECTED from src\main\AndroidManifest.xml
	android:versionName
		INJECTED from src\main\AndroidManifest.xml
		INJECTED from src\main\AndroidManifest.xml
	xmlns:android
		ADDED from src\main\AndroidManifest.xml:2:11-69
	android:versionCode
		INJECTED from src\main\AndroidManifest.xml
		INJECTED from src\main\AndroidManifest.xml
uses-permission#android.permission.INTERNET
ADDED from src\main\AndroidManifest.xml:5:5-66
	android:name
		ADDED from src\main\AndroidManifest.xml:5:22-64
uses-permission#android.permission.VIBRATE
ADDED from src\main\AndroidManifest.xml:6:5-65
	android:name
		ADDED from src\main\AndroidManifest.xml:6:22-63
uses-permission#android.permission.WRITE_SETTINGS
ADDED from src\main\AndroidManifest.xml:7:5-72
	android:name
		ADDED from src\main\AndroidManifest.xml:7:22-70
uses-permission#android.permission.READ_PHONE_STATE
ADDED from src\main\AndroidManifest.xml:8:5-74
	android:name
		ADDED from src\main\AndroidManifest.xml:8:22-72
uses-permission#android.permission.BROADCAST_STICKY
ADDED from src\main\AndroidManifest.xml:9:5-74
	android:name
		ADDED from src\main\AndroidManifest.xml:9:22-72
uses-permission#android.permission.CHANGE_NETWORK_STATE
ADDED from src\main\AndroidManifest.xml:11:5-78
	android:name
		ADDED from src\main\AndroidManifest.xml:11:22-76
uses-permission#android.permission.CHANGE_WIFI_STATE
ADDED from src\main\AndroidManifest.xml:13:5-75
	android:name
		ADDED from src\main\AndroidManifest.xml:13:22-73
uses-permission#android.permission.ACCESS_NETWORK_STATE
ADDED from src\main\AndroidManifest.xml:15:5-78
	android:name
		ADDED from src\main\AndroidManifest.xml:15:22-76
uses-permission#android.permission.ACCESS_WIFI_STATE
ADDED from src\main\AndroidManifest.xml:17:5-75
	android:name
		ADDED from src\main\AndroidManifest.xml:17:22-73
uses-permission#android.permission.WRITE_EXTERNAL_STORAGE
ADDED from src\main\AndroidManifest.xml:20:5-80
	android:name
		ADDED from src\main\AndroidManifest.xml:20:22-78
uses-permission#android.permission.READ_EXTERNAL_STORAGE
ADDED from src\main\AndroidManifest.xml:21:5-79
	android:name
		ADDED from src\main\AndroidManifest.xml:21:22-77
uses-permission#android.permission.CAMERA
ADDED from src\main\AndroidManifest.xml:23:5-64
	android:name
		ADDED from src\main\AndroidManifest.xml:23:22-62
application
ADDED from src\main\AndroidManifest.xml:26:5-190:19
MERGED from [com.android.support:support-compat:26.0.0-alpha1] AndroidManifest.xml:29:5-20
MERGED from [com.android.support:support-core-ui:26.0.0-alpha1] AndroidManifest.xml:29:5-20
MERGED from [WHstudying:common:unspecified] AndroidManifest.xml:11:5-15:19
MERGED from [com.android.support:appcompat-v7:26.0.0-alpha1] AndroidManifest.xml:29:5-20
MERGED from [com.android.support:support-v4:26.0.0-alpha1] AndroidManifest.xml:29:5-20
MERGED from [com.android.support:support-media-compat:26.0.0-alpha1] AndroidManifest.xml:29:5-20
MERGED from [com.android.support:support-core-utils:26.0.0-alpha1] AndroidManifest.xml:29:5-20
MERGED from [com.android.support:support-fragment:26.0.0-alpha1] AndroidManifest.xml:29:5-20
MERGED from [com.android.support:support-vector-drawable:26.0.0-alpha1] AndroidManifest.xml:26:5-20
MERGED from [com.android.support:animated-vector-drawable:26.0.0-alpha1] AndroidManifest.xml:26:5-20
	android:label
		ADDED from src\main\AndroidManifest.xml:30:9-41
	android:supportsRtl
		ADDED from src\main\AndroidManifest.xml:31:9-35
	android:allowBackup
		ADDED from src\main\AndroidManifest.xml:28:9-35
	android:icon
		ADDED from src\main\AndroidManifest.xml:29:9-43
	android:theme
		ADDED from src\main\AndroidManifest.xml:32:9-40
	android:name
		ADDED from src\main\AndroidManifest.xml:27:9-50
activity#com.caifulif.whstudying.MainActivity
ADDED from src\main\AndroidManifest.xml:33:9-41:20
	android:theme
		ADDED from src\main\AndroidManifest.xml:35:13-69
	android:name
		ADDED from src\main\AndroidManifest.xml:34:13-41
intent-filter#android.intent.action.MAIN+android.intent.category.LAUNCHER
ADDED from src\main\AndroidManifest.xml:36:13-40:29
action#android.intent.action.MAIN
ADDED from src\main\AndroidManifest.xml:37:17-68
	android:name
		ADDED from src\main\AndroidManifest.xml:37:25-66
category#android.intent.category.LAUNCHER
ADDED from src\main\AndroidManifest.xml:39:17-76
	android:name
		ADDED from src\main\AndroidManifest.xml:39:27-74
activity#com.caifulif.whstudying.eventbus.EventBusActivity
ADDED from src\main\AndroidManifest.xml:42:9-45:20
	android:theme
		ADDED from src\main\AndroidManifest.xml:44:13-69
	android:name
		ADDED from src\main\AndroidManifest.xml:43:13-54
activity#com.caifulif.whstudying.recycleview.TestRecycleView
ADDED from src\main\AndroidManifest.xml:46:9-49:20
	android:theme
		ADDED from src\main\AndroidManifest.xml:48:13-69
	android:name
		ADDED from src\main\AndroidManifest.xml:47:13-56
activity#com.caifulif.whstudying.udp.UDPActivity
ADDED from src\main\AndroidManifest.xml:50:9-53:20
	android:theme
		ADDED from src\main\AndroidManifest.xml:52:13-69
	android:name
		ADDED from src\main\AndroidManifest.xml:51:13-44
activity#com.caifulif.whstudying.udp.UDP2Activity
ADDED from src\main\AndroidManifest.xml:54:9-57:20
	android:theme
		ADDED from src\main\AndroidManifest.xml:56:13-69
	android:name
		ADDED from src\main\AndroidManifest.xml:55:13-45
service#com.caifulif.whstudying.udp.service.VMBackgroundService
ADDED from src\main\AndroidManifest.xml:60:9-64:44
	android:enabled
		ADDED from src\main\AndroidManifest.xml:62:13-35
	android:process
		ADDED from src\main\AndroidManifest.xml:64:13-42
	android:exported
		ADDED from src\main\AndroidManifest.xml:63:13-37
	android:name
		ADDED from src\main\AndroidManifest.xml:61:13-60
service#com.caifulif.whstudying.udp.service.VMDaemonService
ADDED from src\main\AndroidManifest.xml:67:9-71:40
	android:enabled
		ADDED from src\main\AndroidManifest.xml:69:13-35
	android:process
		ADDED from src\main\AndroidManifest.xml:71:13-38
	android:exported
		ADDED from src\main\AndroidManifest.xml:70:13-37
	android:name
		ADDED from src\main\AndroidManifest.xml:68:13-56
service#com.caifulif.whstudying.udp.service.VMDaemonService$DaemonInnerService
ADDED from src\main\AndroidManifest.xml:72:9-76:40
	android:enabled
		ADDED from src\main\AndroidManifest.xml:74:13-35
	android:process
		ADDED from src\main\AndroidManifest.xml:76:13-38
	android:exported
		ADDED from src\main\AndroidManifest.xml:75:13-37
	android:name
		ADDED from src\main\AndroidManifest.xml:73:13-75
service#com.caifulif.whstudying.udp.service.VMCoreService
ADDED from src\main\AndroidManifest.xml:79:9-82:39
	android:enabled
		ADDED from src\main\AndroidManifest.xml:81:13-35
	android:exported
		ADDED from src\main\AndroidManifest.xml:82:13-37
	android:name
		ADDED from src\main\AndroidManifest.xml:80:13-54
service#com.caifulif.whstudying.udp.service.VMCoreService$CoreInnerService
ADDED from src\main\AndroidManifest.xml:83:9-86:39
	android:enabled
		ADDED from src\main\AndroidManifest.xml:85:13-35
	android:exported
		ADDED from src\main\AndroidManifest.xml:86:13-37
	android:name
		ADDED from src\main\AndroidManifest.xml:84:13-71
service#com.caifulif.whstudying.udp.service.VMDaemonJobService
ADDED from src\main\AndroidManifest.xml:89:9-94:43
	android:enabled
		ADDED from src\main\AndroidManifest.xml:91:13-35
	android:process
		ADDED from src\main\AndroidManifest.xml:94:13-41
	android:exported
		ADDED from src\main\AndroidManifest.xml:92:13-37
	android:permission
		ADDED from src\main\AndroidManifest.xml:93:13-69
	android:name
		ADDED from src\main\AndroidManifest.xml:90:13-59
receiver#com.caifulif.whstudying.udp.BootBroadcastReceiver
ADDED from src\main\AndroidManifest.xml:96:9-102:20
	android:name
		ADDED from src\main\AndroidManifest.xml:96:19-60
intent-filter#android.intent.action.BOOT_COMPLETED+android.intent.category.LAUNCHER
ADDED from src\main\AndroidManifest.xml:97:13-101:29
action#android.intent.action.BOOT_COMPLETED
ADDED from src\main\AndroidManifest.xml:98:17-78
	android:name
		ADDED from src\main\AndroidManifest.xml:98:25-76
activity#com.caifulif.whstudying.mvp.view.LoginActivity
ADDED from src\main\AndroidManifest.xml:104:9-107:20
	android:theme
		ADDED from src\main\AndroidManifest.xml:106:13-69
	android:name
		ADDED from src\main\AndroidManifest.xml:105:13-51
activity#com.caifulif.whstudying.banner.BannerActivity
ADDED from src\main\AndroidManifest.xml:108:9-111:20
	android:theme
		ADDED from src\main\AndroidManifest.xml:110:13-69
	android:name
		ADDED from src\main\AndroidManifest.xml:109:13-50
activity#com.caifulif.whstudying.hot.HotPointActivity
ADDED from src\main\AndroidManifest.xml:112:9-115:20
	android:theme
		ADDED from src\main\AndroidManifest.xml:114:13-69
	android:name
		ADDED from src\main\AndroidManifest.xml:113:13-49
activity#com.caifulif.whstudying.edittext.EditTextActivity
ADDED from src\main\AndroidManifest.xml:116:9-119:20
	android:theme
		ADDED from src\main\AndroidManifest.xml:118:13-69
	android:name
		ADDED from src\main\AndroidManifest.xml:117:13-54
activity#com.caifulif.whstudying.empty2listvieworgridview.ListOrGrid
ADDED from src\main\AndroidManifest.xml:120:9-123:20
	android:theme
		ADDED from src\main\AndroidManifest.xml:122:13-69
	android:name
		ADDED from src\main\AndroidManifest.xml:121:13-64
activity#com.caifulif.whstudying.Test
ADDED from src\main\AndroidManifest.xml:124:9-127:20
	android:theme
		ADDED from src\main\AndroidManifest.xml:126:13-69
	android:name
		ADDED from src\main\AndroidManifest.xml:125:13-33
receiver#com.caifulif.whstudying.BroadcastReceiver.Receiver
ADDED from src\main\AndroidManifest.xml:130:9-136:20
	android:name
		ADDED from src\main\AndroidManifest.xml:130:19-61
intent-filter#android.intent.category.DEFAULT+myBroadcastReceiver
ADDED from src\main\AndroidManifest.xml:131:13-135:29
	android:priority
		ADDED from src\main\AndroidManifest.xml:131:28-50
action#myBroadcastReceiver
ADDED from src\main\AndroidManifest.xml:132:17-61
	android:name
		ADDED from src\main\AndroidManifest.xml:132:25-59
category#android.intent.category.DEFAULT
ADDED from src\main\AndroidManifest.xml:134:17-75
	android:name
		ADDED from src\main\AndroidManifest.xml:134:27-73
activity#com.caifulif.whstudying.BroadcastReceiver.TestBroadcast
ADDED from src\main\AndroidManifest.xml:138:9-141:20
	android:theme
		ADDED from src\main\AndroidManifest.xml:140:13-69
	android:name
		ADDED from src\main\AndroidManifest.xml:139:13-60
activity#com.caifulif.whstudying.BroadcastReceiver.GetBroadcastActivity
ADDED from src\main\AndroidManifest.xml:142:9-145:20
	android:theme
		ADDED from src\main\AndroidManifest.xml:144:13-69
	android:name
		ADDED from src\main\AndroidManifest.xml:143:13-67
meta-data#UMENG_APPKEY
ADDED from src\main\AndroidManifest.xml:149:9-151:55
	android:value
		ADDED from src\main\AndroidManifest.xml:151:13-53
	android:name
		ADDED from src\main\AndroidManifest.xml:150:13-40
activity#com.tencent.tauth.AuthActivity
ADDED from src\main\AndroidManifest.xml:153:9-165:20
	android:launchMode
		ADDED from src\main\AndroidManifest.xml:155:13-44
	android:noHistory
		ADDED from src\main\AndroidManifest.xml:156:13-37
	android:name
		ADDED from src\main\AndroidManifest.xml:154:13-58
intent-filter#android.intent.action.VIEW+android.intent.category.BROWSABLE+android.intent.category.DEFAULT
ADDED from src\main\AndroidManifest.xml:157:13-164:29
action#android.intent.action.VIEW
ADDED from src\main\AndroidManifest.xml:158:17-68
	android:name
		ADDED from src\main\AndroidManifest.xml:158:25-66
category#android.intent.category.BROWSABLE
ADDED from src\main\AndroidManifest.xml:161:17-77
	android:name
		ADDED from src\main\AndroidManifest.xml:161:27-75
data
ADDED from src\main\AndroidManifest.xml:163:17-59
	android:scheme
		ADDED from src\main\AndroidManifest.xml:163:23-57
activity#com.tencent.connect.common.AssistActivity
ADDED from src\main\AndroidManifest.xml:166:9-169:74
	android:screenOrientation
		ADDED from src\main\AndroidManifest.xml:168:13-49
	android:theme
		ADDED from src\main\AndroidManifest.xml:169:13-72
	android:name
		ADDED from src\main\AndroidManifest.xml:167:13-69
activity#com.umeng.socialize.view.ShareActivity
ADDED from src\main\AndroidManifest.xml:172:9-178:70
	android:launchMode
		ADDED from src\main\AndroidManifest.xml:175:13-44
	android:noHistory
		ADDED from src\main\AndroidManifest.xml:176:13-37
	android:windowSoftInputMode
		ADDED from src\main\AndroidManifest.xml:178:13-68
	android:configChanges
		ADDED from src\main\AndroidManifest.xml:174:13-57
	android:theme
		ADDED from src\main\AndroidManifest.xml:177:13-50
	android:name
		ADDED from src\main\AndroidManifest.xml:173:13-66
activity#com.caifulif.whstudying.wxapi.WXEntryActivity
ADDED from src\main\AndroidManifest.xml:181:9-186:74
	android:screenOrientation
		ADDED from src\main\AndroidManifest.xml:185:13-49
	android:exported
		ADDED from src\main\AndroidManifest.xml:184:13-36
	android:configChanges
		ADDED from src\main\AndroidManifest.xml:183:13-74
	android:theme
		ADDED from src\main\AndroidManifest.xml:186:13-72
	android:name
		ADDED from src\main\AndroidManifest.xml:182:13-50
uses-sdk
INJECTED from src\main\AndroidManifest.xml reason: use-sdk injection requested
MERGED from [com.android.support:multidex:1.0.1] AndroidManifest.xml:18:5-42
MERGED from [com.android.support:recyclerview-v7:24.2.1] AndroidManifest.xml:20:5-43
MERGED from [com.android.support:support-compat:26.0.0-alpha1] AndroidManifest.xml:21:5-23:58
MERGED from [com.android.support:support-core-ui:26.0.0-alpha1] AndroidManifest.xml:21:5-23:58
MERGED from [WHstudying:common:unspecified] AndroidManifest.xml:7:5-9:41
MERGED from [com.android.support:appcompat-v7:26.0.0-alpha1] AndroidManifest.xml:21:5-23:78
MERGED from [com.android.support:support-v4:26.0.0-alpha1] AndroidManifest.xml:21:5-23:54
MERGED from [com.android.support:support-media-compat:26.0.0-alpha1] AndroidManifest.xml:21:5-23:63
MERGED from [com.android.support:support-core-utils:26.0.0-alpha1] AndroidManifest.xml:21:5-23:61
MERGED from [com.android.support:support-fragment:26.0.0-alpha1] AndroidManifest.xml:21:5-23:60
MERGED from [com.android.support:support-vector-drawable:26.0.0-alpha1] AndroidManifest.xml:20:5-44
MERGED from [com.android.support:animated-vector-drawable:26.0.0-alpha1] AndroidManifest.xml:20:5-44
MERGED from [com.orhanobut:logger:1.15] AndroidManifest.xml:6:5-43
MERGED from [io.reactivex:rxandroid:1.2.1] AndroidManifest.xml:19:5-43
MERGED from [com.artemzin.rxjava:proguard-rules:1.1.3.0] AndroidManifest.xml:8:5-43
MERGED from [me.iwf.photopicker:PhotoPicker:0.8.4] AndroidManifest.xml:8:5-10:41
	tools:overrideLibrary
		ADDED from [com.android.support:support-compat:26.0.0-alpha1] AndroidManifest.xml:23:9-55
	android:targetSdkVersion
		INJECTED from src\main\AndroidManifest.xml
		INJECTED from src\main\AndroidManifest.xml
	android:minSdkVersion
		INJECTED from src\main\AndroidManifest.xml
		INJECTED from src\main\AndroidManifest.xml
meta-data#android.support.VERSION
ADDED from [com.android.support:support-compat:26.0.0-alpha1] AndroidManifest.xml:25:5-27:41
MERGED from [com.android.support:support-core-ui:26.0.0-alpha1] AndroidManifest.xml:25:5-27:41
MERGED from [com.android.support:appcompat-v7:26.0.0-alpha1] AndroidManifest.xml:25:5-27:41
MERGED from [com.android.support:support-v4:26.0.0-alpha1] AndroidManifest.xml:25:5-27:41
MERGED from [com.android.support:support-media-compat:26.0.0-alpha1] AndroidManifest.xml:25:5-27:41
MERGED from [com.android.support:support-core-utils:26.0.0-alpha1] AndroidManifest.xml:25:5-27:41
MERGED from [com.android.support:support-fragment:26.0.0-alpha1] AndroidManifest.xml:25:5-27:41
MERGED from [com.android.support:support-vector-drawable:26.0.0-alpha1] AndroidManifest.xml:22:5-24:41
MERGED from [com.android.support:animated-vector-drawable:26.0.0-alpha1] AndroidManifest.xml:22:5-24:41
	android:value
		ADDED from [com.android.support:support-compat:26.0.0-alpha1] AndroidManifest.xml:27:9-38
	android:name
		ADDED from [com.android.support:support-compat:26.0.0-alpha1] AndroidManifest.xml:26:9-47